2021-03-21 19:00:02,710 INFO  [org.jboss.modules] (main) JBoss Modules version 1.9.1.Final
2021-03-21 19:00:03,314 INFO  [org.jboss.msc] (main) JBoss MSC version 1.4.11.Final
2021-03-21 19:00:03,334 INFO  [org.jboss.threads] (main) JBoss Threads version 2.3.3.Final
2021-03-21 19:00:03,500 INFO  [org.jboss.as] (MSC service thread 1-2) WFLYSRV0049: WildFly Full 18.0.1.Final (WildFly Core 10.0.3.Final) starting
2021-03-21 19:00:03,511 DEBUG [org.jboss.as.config] (MSC service thread 1-2) Configured system properties:
	awt.toolkit = sun.awt.windows.WToolkit
	file.encoding = Cp1252
	file.encoding.pkg = sun.io
	file.separator = \
	java.awt.graphicsenv = sun.awt.Win32GraphicsEnvironment
	java.awt.printerjob = sun.awt.windows.WPrinterJob
	java.class.path = C:\Users\marce\Desktop\backend\proyectoPP\backend\laboratorio\jboss-modules.jar
	java.class.version = 52.0
	java.endorsed.dirs = C:\Program Files\Java\jdk1.8.0_201\jre\lib\endorsed
	java.ext.dirs = C:\Program Files\Java\jdk1.8.0_201\jre\lib\ext;C:\WINDOWS\Sun\Java\lib\ext
	java.home = C:\Program Files\Java\jdk1.8.0_201\jre
	java.io.tmpdir = C:\Users\marce\AppData\Local\Temp\
	java.library.path = C:\Program Files\Java\jdk1.8.0_201\bin;C:\WINDOWS\Sun\Java\bin;C:\WINDOWS\system32;C:\WINDOWS;C:\Program Files\Common Files\Oracle\Java\javapath;C:\Program Files\AdoptOpenJDK\jdk-15.0.0.36-hotspot\bin;C:\Program Files (x86)\Common Files\Oracle\Java\javapath;C:\Program Files (x86)\Intel\iCLS Client\;C:\Program Files\Intel\iCLS Client\;C:\WINDOWS\system32;C:\WINDOWS;C:\WINDOWS\System32\Wbem;C:\WINDOWS\System32\WindowsPowerShell\v1.0\;C:\Program Files (x86)\Intel\Intel(R) Management Engine Components\DAL;C:\Program Files\Intel\Intel(R) Management Engine Components\DAL;C:\Program Files (x86)\Intel\Intel(R) Management Engine Components\IPT;C:\Program Files\Intel\Intel(R) Management Engine Components\IPT;C:\WINDOWS\System32\OpenSSH\;C:\Program Files\Intel\WiFi\bin\;C:\Program Files\Common Files\Intel\WirelessCommon\;C:\Program Files\Git\cmd;C:\Program Files\PuTTY\;C:\Program Files\Calibre2\;C:\sqlite3;C:\apache-maven-3.6.3\bin;C:\Users\marce\AppData\Local\Programs\Python\Python37\Scripts\;C:\Users\marce\AppData\Local\Programs\Python\Python37\;C:\Users\marce\AppData\Local\Microsoft\WindowsApps;C:\Users\marce\AppData\Local\Programs\Microsoft VS Code\bin;C:\Program Files\Java\jdk1.8.0_201\bin;C:\src\flutter\bin;C:\sqlite3;;.
	java.net.preferIPv4Stack = true
	java.runtime.name = Java(TM) SE Runtime Environment
	java.runtime.version = 1.8.0_201-b09
	java.specification.name = Java Platform API Specification
	java.specification.vendor = Oracle Corporation
	java.specification.version = 1.8
	java.util.logging.manager = org.jboss.logmanager.LogManager
	java.vendor = Oracle Corporation
	java.vendor.url = http://java.oracle.com/
	java.vendor.url.bug = http://bugreport.sun.com/bugreport/
	java.version = 1.8.0_201
	java.vm.info = mixed mode
	java.vm.name = Java HotSpot(TM) 64-Bit Server VM
	java.vm.specification.name = Java Virtual Machine Specification
	java.vm.specification.vendor = Oracle Corporation
	java.vm.specification.version = 1.8
	java.vm.vendor = Oracle Corporation
	java.vm.version = 25.201-b09
	javax.management.builder.initial = org.jboss.as.jmx.PluggableMBeanServerBuilder
	jboss.home.dir = C:\Users\marce\Desktop\backend\proyectoPP\backend\laboratorio
	jboss.host.name = laptop-acn7ut9q
	jboss.modules.dir = C:\Users\marce\Desktop\backend\proyectoPP\backend\laboratorio\modules
	jboss.modules.system.pkgs = org.jboss.byteman
	jboss.node.name = laptop-acn7ut9q
	jboss.qualified.host.name = laptop-acn7ut9q
	jboss.server.base.dir = C:\Users\marce\Desktop\backend\proyectoPP\backend\laboratorio\standalone
	jboss.server.config.dir = C:\Users\marce\Desktop\backend\proyectoPP\backend\laboratorio\standalone\configuration
	jboss.server.data.dir = C:\Users\marce\Desktop\backend\proyectoPP\backend\laboratorio\standalone\data
	jboss.server.deploy.dir = C:\Users\marce\Desktop\backend\proyectoPP\backend\laboratorio\standalone\data\content
	jboss.server.log.dir = C:\Users\marce\Desktop\backend\proyectoPP\backend\laboratorio\standalone\log
	jboss.server.name = laptop-acn7ut9q
	jboss.server.persist.config = true
	jboss.server.temp.dir = C:\Users\marce\Desktop\backend\proyectoPP\backend\laboratorio\standalone\tmp
	line.separator = 

	logging.configuration = file:C:\Users\marce\Desktop\backend\proyectoPP\backend\laboratorio\standalone\configuration/logging.properties
	module.path = C:\Users\marce\Desktop\backend\proyectoPP\backend\laboratorio\modules
	org.jboss.boot.log.file = C:\Users\marce\Desktop\backend\proyectoPP\backend\laboratorio\standalone\log/server.log
	org.jboss.resolver.warning = true
	os.arch = amd64
	os.name = Windows 10
	os.version = 10.0
	path.separator = ;
	sun.arch.data.model = 64
	sun.boot.class.path = C:\Program Files\Java\jdk1.8.0_201\jre\lib\resources.jar;C:\Program Files\Java\jdk1.8.0_201\jre\lib\rt.jar;C:\Program Files\Java\jdk1.8.0_201\jre\lib\sunrsasign.jar;C:\Program Files\Java\jdk1.8.0_201\jre\lib\jsse.jar;C:\Program Files\Java\jdk1.8.0_201\jre\lib\jce.jar;C:\Program Files\Java\jdk1.8.0_201\jre\lib\charsets.jar;C:\Program Files\Java\jdk1.8.0_201\jre\lib\jfr.jar;C:\Program Files\Java\jdk1.8.0_201\jre\classes
	sun.boot.library.path = C:\Program Files\Java\jdk1.8.0_201\jre\bin
	sun.cpu.endian = little
	sun.cpu.isalist = amd64
	sun.desktop = windows
	sun.io.unicode.encoding = UnicodeLittle
	sun.java.command = C:\Users\marce\Desktop\backend\proyectoPP\backend\laboratorio\jboss-modules.jar -mp C:\Users\marce\Desktop\backend\proyectoPP\backend\laboratorio\modules org.jboss.as.standalone
	sun.java.launcher = SUN_STANDARD
	sun.jnu.encoding = Cp1252
	sun.management.compiler = HotSpot 64-Bit Tiered Compilers
	sun.os.patch.level = 
	sun.stderr.encoding = cp437
	sun.stdout.encoding = cp437
	user.country = ES
	user.dir = C:\Users\marce\Desktop\backend\proyectoPP\backend\laboratorio
	user.home = C:\Users\marce
	user.language = es
	user.name = marce
	user.script = 
	user.timezone = America/Asuncion
	user.variant = 
2021-03-21 19:00:03,511 DEBUG [org.jboss.as.config] (MSC service thread 1-2) VM Arguments: -Xms64M -Xmx512M -XX:MetaspaceSize=96M -XX:MaxMetaspaceSize=256m -Djava.net.preferIPv4Stack=true -Djboss.modules.system.pkgs=org.jboss.byteman -Dorg.jboss.boot.log.file=C:\Users\marce\Desktop\backend\proyectoPP\backend\laboratorio\standalone\log/server.log -Dlogging.configuration=file:C:\Users\marce\Desktop\backend\proyectoPP\backend\laboratorio\standalone\configuration/logging.properties -Djboss.home.dir=C:\Users\marce\Desktop\backend\proyectoPP\backend\laboratorio -Djboss.server.base.dir=C:\Users\marce\Desktop\backend\proyectoPP\backend\laboratorio\standalone -Djboss.server.config.dir=C:\Users\marce\Desktop\backend\proyectoPP\backend\laboratorio\standalone\configuration 
2021-03-21 19:00:05,191 INFO  [org.wildfly.security] (ServerService Thread Pool -- 26) ELY00001: WildFly Elytron version 1.10.4.Final
2021-03-21 19:00:05,981 INFO  [org.jboss.as.controller.management-deprecated] (Controller Boot Thread) WFLYCTL0028: Attribute 'security-realm' in the resource at address '/core-service=management/management-interface=http-interface' is deprecated, and may be removed in a future version. See the attribute description in the output of the read-resource-description operation to learn more about the deprecation.
2021-03-21 19:00:06,026 INFO  [org.jboss.as.controller.management-deprecated] (ServerService Thread Pool -- 7) WFLYCTL0028: Attribute 'security-realm' in the resource at address '/subsystem=undertow/server=default-server/https-listener=https' is deprecated, and may be removed in a future version. See the attribute description in the output of the read-resource-description operation to learn more about the deprecation.
2021-03-21 19:00:06,241 INFO  [org.jboss.as.server] (Controller Boot Thread) WFLYSRV0039: Creating http management service using socket-binding (management-http)
2021-03-21 19:00:06,271 INFO  [org.xnio] (MSC service thread 1-2) XNIO version 3.7.3.Final
2021-03-21 19:00:06,281 INFO  [org.xnio.nio] (MSC service thread 1-2) XNIO NIO Implementation Version 3.7.3.Final
2021-03-21 19:00:06,360 INFO  [org.wildfly.extension.microprofile.config.smallrye._private] (ServerService Thread Pool -- 60) WFLYCONF0001: Activating WildFly MicroProfile Config Subsystem
2021-03-21 19:00:06,372 INFO  [org.jboss.as.clustering.infinispan] (ServerService Thread Pool -- 51) WFLYCLINF0001: Activating Infinispan subsystem.
2021-03-21 19:00:06,400 WARN  [org.jboss.as.txn] (ServerService Thread Pool -- 72) WFLYTX0013: The node-identifier attribute on the /subsystem=transactions is set to the default value. This is a danger for environments running multiple servers. Please make sure the attribute value is unique.
2021-03-21 19:00:06,403 INFO  [org.wildfly.extension.microprofile.opentracing] (ServerService Thread Pool -- 63) WFLYTRACEXT0001: Activating MicroProfile OpenTracing Subsystem
2021-03-21 19:00:06,404 INFO  [org.jboss.as.naming] (ServerService Thread Pool -- 64) WFLYNAM0001: Activating Naming Subsystem
2021-03-21 19:00:06,424 INFO  [org.jboss.as.jaxrs] (ServerService Thread Pool -- 53) WFLYRS0016: RESTEasy version 3.9.1.Final
2021-03-21 19:00:06,461 INFO  [org.jboss.as.security] (ServerService Thread Pool -- 70) WFLYSEC0002: Activating Security Subsystem
2021-03-21 19:00:06,461 INFO  [org.jboss.as.connector] (MSC service thread 1-7) WFLYJCA0009: Starting JCA Subsystem (WildFly/IronJacamar 1.4.17.Final)
2021-03-21 19:00:06,474 INFO  [org.wildfly.extension.microprofile.metrics.smallrye] (ServerService Thread Pool -- 62) WFLYMETRICS0001: Activating Eclipse MicroProfile Metrics Subsystem
2021-03-21 19:00:06,509 INFO  [org.wildfly.extension.microprofile.health.smallrye] (ServerService Thread Pool -- 61) WFLYHEALTH0001: Activating Eclipse MicroProfile Health Subsystem
2021-03-21 19:00:06,514 INFO  [org.jboss.as.webservices] (ServerService Thread Pool -- 74) WFLYWS0002: Activating WebServices Extension
2021-03-21 19:00:06,546 INFO  [org.jboss.as.security] (MSC service thread 1-3) WFLYSEC0001: Current PicketBox version=5.0.3.Final
2021-03-21 19:00:06,574 INFO  [org.wildfly.extension.undertow] (MSC service thread 1-7) WFLYUT0003: Undertow 2.0.27.Final starting
2021-03-21 19:00:06,629 INFO  [org.jboss.as.jsf] (ServerService Thread Pool -- 58) WFLYJSF0007: Activated the following JSF Implementations: [main]
2021-03-21 19:00:06,740 INFO  [org.jboss.as.connector.subsystems.datasources] (ServerService Thread Pool -- 43) WFLYJCA0004: Deploying JDBC-compliant driver class org.h2.Driver (version 1.4)
2021-03-21 19:00:06,758 INFO  [org.jboss.as.connector.deployers.jdbc] (MSC service thread 1-6) WFLYJCA0018: Started Driver service with driver-name = h2
2021-03-21 19:00:06,780 INFO  [org.jboss.as.connector.subsystems.datasources] (ServerService Thread Pool -- 43) WFLYJCA0005: Deploying non-JDBC-compliant driver class org.postgresql.Driver (version 9.4)
2021-03-21 19:00:07,180 INFO  [org.jboss.as.connector.deployers.jdbc] (MSC service thread 1-6) WFLYJCA0018: Started Driver service with driver-name = postgres
2021-03-21 19:00:07,199 INFO  [org.jboss.as.naming] (MSC service thread 1-6) WFLYNAM0003: Starting Naming Service
2021-03-21 19:00:07,245 INFO  [org.wildfly.extension.undertow] (ServerService Thread Pool -- 73) WFLYUT0014: Creating file handler for path 'C:\Users\marce\Desktop\backend\proyectoPP\backend\laboratorio/welcome-content' with options [directory-listing: 'false', follow-symlink: 'false', case-sensitive: 'true', safe-symlink-paths: '[]']
2021-03-21 19:00:07,355 INFO  [org.jboss.as.mail.extension] (MSC service thread 1-8) WFLYMAIL0001: Bound mail session [java:jboss/mail/Default]
2021-03-21 19:00:08,089 INFO  [org.wildfly.extension.io] (ServerService Thread Pool -- 52) WFLYIO001: Worker 'default' has auto-configured to 8 core threads with 64 task threads based on your 4 available processors
2021-03-21 19:00:08,100 INFO  [org.jboss.as.ejb3] (MSC service thread 1-7) WFLYEJB0482: Strict pool mdb-strict-max-pool is using a max instance size of 16 (per class), which is derived from the number of CPUs on this host.
2021-03-21 19:00:08,097 INFO  [org.jboss.as.ejb3] (MSC service thread 1-8) WFLYEJB0481: Strict pool slsb-strict-max-pool is using a max instance size of 64 (per class), which is derived from thread worker pool sizing.
2021-03-21 19:00:08,175 INFO  [org.wildfly.extension.undertow] (MSC service thread 1-7) WFLYUT0012: Started server default-server.
2021-03-21 19:00:08,185 INFO  [org.wildfly.extension.undertow] (MSC service thread 1-7) WFLYUT0018: Host default-host starting
2021-03-21 19:00:08,223 INFO  [org.jboss.as.patching] (MSC service thread 1-5) WFLYPAT0050: WildFly Full cumulative patch ID is: base, one-off patches include: none
2021-03-21 19:00:08,210 INFO  [org.jboss.remoting] (MSC service thread 1-1) JBoss Remoting version 5.0.15.Final
2021-03-21 19:00:08,287 ERROR [org.jboss.msc.service.fail] (MSC service thread 1-6) MSC000001: Failed to start service org.wildfly.undertow.listener.default: org.jboss.msc.service.StartException in service org.wildfly.undertow.listener.default: Address already in use: bind /127.0.0.1:8080
	at org.wildfly.extension.undertow.ListenerService.start(ListenerService.java:209)
	at org.jboss.msc.service.ServiceControllerImpl$StartTask.startService(ServiceControllerImpl.java:1739)
	at org.jboss.msc.service.ServiceControllerImpl$StartTask.execute(ServiceControllerImpl.java:1701)
	at org.jboss.msc.service.ServiceControllerImpl$ControllerTask.run(ServiceControllerImpl.java:1559)
	at org.jboss.threads.ContextClassLoaderSavingRunnable.run(ContextClassLoaderSavingRunnable.java:35)
	at org.jboss.threads.EnhancedQueueExecutor.safeRun(EnhancedQueueExecutor.java:1982)
	at org.jboss.threads.EnhancedQueueExecutor$ThreadBody.doRunTask(EnhancedQueueExecutor.java:1486)
	at org.jboss.threads.EnhancedQueueExecutor$ThreadBody.run(EnhancedQueueExecutor.java:1377)
	at java.lang.Thread.run(Thread.java:748)

2021-03-21 19:00:08,353 WARN  [org.jboss.as.domain.management.security] (MSC service thread 1-6) WFLYDM0111: Keystore C:\Users\marce\Desktop\backend\proyectoPP\backend\laboratorio\standalone\configuration\application.keystore not found, it will be auto generated on first use with a self signed certificate for host localhost
2021-03-21 19:00:08,360 INFO  [org.jboss.as.server.deployment.scanner] (MSC service thread 1-8) WFLYDS0013: Started FileSystemDeploymentService for directory C:\Users\marce\Desktop\backend\proyectoPP\backend\laboratorio\standalone\deployments
2021-03-21 19:00:08,402 INFO  [org.jboss.as.server.deployment] (MSC service thread 1-6) WFLYSRV0027: Starting deployment of "prueba.war" (runtime-name: "prueba.war")
2021-03-21 19:00:08,460 INFO  [org.jboss.as.ejb3] (MSC service thread 1-8) WFLYEJB0493: EJB subsystem suspension complete
2021-03-21 19:00:08,545 ERROR [org.jboss.msc.service.fail] (MSC service thread 1-4) MSC000001: Failed to start service org.wildfly.management.http.extensible: org.jboss.msc.service.StartException in service org.wildfly.management.http.extensible: java.net.BindException: Address already in use: bind /127.0.0.1:9990
	at org.jboss.as.server.mgmt.UndertowHttpManagementService.start(UndertowHttpManagementService.java:385)
	at org.jboss.msc.service.ServiceControllerImpl$StartTask.startService(ServiceControllerImpl.java:1739)
	at org.jboss.msc.service.ServiceControllerImpl$StartTask.execute(ServiceControllerImpl.java:1701)
	at org.jboss.msc.service.ServiceControllerImpl$ControllerTask.run(ServiceControllerImpl.java:1559)
	at org.jboss.threads.ContextClassLoaderSavingRunnable.run(ContextClassLoaderSavingRunnable.java:35)
	at org.jboss.threads.EnhancedQueueExecutor.safeRun(EnhancedQueueExecutor.java:1982)
	at org.jboss.threads.EnhancedQueueExecutor$ThreadBody.doRunTask(EnhancedQueueExecutor.java:1486)
	at org.jboss.threads.EnhancedQueueExecutor$ThreadBody.run(EnhancedQueueExecutor.java:1377)
	at java.lang.Thread.run(Thread.java:748)

2021-03-21 19:00:08,630 INFO  [org.jboss.as.connector.subsystems.datasources] (MSC service thread 1-1) WFLYJCA0001: Bound data source [java:jboss/datasources/laboratorio]
2021-03-21 19:00:08,633 INFO  [org.jboss.as.connector.subsystems.datasources] (MSC service thread 1-1) WFLYJCA0001: Bound data source [java:jboss/datasources/ExampleDS]
2021-03-21 19:00:09,272 ERROR [org.jboss.msc.service.fail] (MSC service thread 1-5) MSC000001: Failed to start service org.wildfly.undertow.listener.https: org.jboss.msc.service.StartException in service org.wildfly.undertow.listener.https: Address already in use: bind /127.0.0.1:8443
	at org.wildfly.extension.undertow.ListenerService.start(ListenerService.java:209)
	at org.jboss.msc.service.ServiceControllerImpl$StartTask.startService(ServiceControllerImpl.java:1739)
	at org.jboss.msc.service.ServiceControllerImpl$StartTask.execute(ServiceControllerImpl.java:1701)
	at org.jboss.msc.service.ServiceControllerImpl$ControllerTask.run(ServiceControllerImpl.java:1559)
	at org.jboss.threads.ContextClassLoaderSavingRunnable.run(ContextClassLoaderSavingRunnable.java:35)
	at org.jboss.threads.EnhancedQueueExecutor.safeRun(EnhancedQueueExecutor.java:1982)
	at org.jboss.threads.EnhancedQueueExecutor$ThreadBody.doRunTask(EnhancedQueueExecutor.java:1486)
	at org.jboss.threads.EnhancedQueueExecutor$ThreadBody.run(EnhancedQueueExecutor.java:1377)
	at java.lang.Thread.run(Thread.java:748)

2021-03-21 19:00:09,520 INFO  [org.jboss.vfs] (MSC service thread 1-3) VFS000002: Failed to clean existing content for temp file provider of type deployment. Enable DEBUG level log to find what caused this
2021-03-21 19:00:15,964 WARN  [org.jboss.as.server.deployment] (MSC service thread 1-3) WFLYSRV0059: Class Path entry jboss-logging.jar in /C:/Users/marce/Desktop/backend/proyectoPP/backend/laboratorio/content/prueba.war/WEB-INF/lib/ironjacamar-validator-1.0.6.Final.jar  does not point to a valid jar for a Class-Path reference.
2021-03-21 19:00:15,964 WARN  [org.jboss.as.server.deployment] (MSC service thread 1-3) WFLYSRV0059: Class Path entry jboss-common-core.jar in /C:/Users/marce/Desktop/backend/proyectoPP/backend/laboratorio/content/prueba.war/WEB-INF/lib/ironjacamar-validator-1.0.6.Final.jar  does not point to a valid jar for a Class-Path reference.
2021-03-21 19:00:15,969 WARN  [org.jboss.as.server.deployment] (MSC service thread 1-3) WFLYSRV0059: Class Path entry ironjacamar-spec-api.jar in /C:/Users/marce/Desktop/backend/proyectoPP/backend/laboratorio/content/prueba.war/WEB-INF/lib/ironjacamar-validator-1.0.6.Final.jar  does not point to a valid jar for a Class-Path reference.
2021-03-21 19:00:15,975 WARN  [org.jboss.as.server.deployment] (MSC service thread 1-3) WFLYSRV0059: Class Path entry papaki-core.jar in /C:/Users/marce/Desktop/backend/proyectoPP/backend/laboratorio/content/prueba.war/WEB-INF/lib/ironjacamar-validator-1.0.6.Final.jar  does not point to a valid jar for a Class-Path reference.
2021-03-21 19:00:15,975 WARN  [org.jboss.as.server.deployment] (MSC service thread 1-3) WFLYSRV0059: Class Path entry javassist.jar in /C:/Users/marce/Desktop/backend/proyectoPP/backend/laboratorio/content/prueba.war/WEB-INF/lib/ironjacamar-validator-1.0.6.Final.jar  does not point to a valid jar for a Class-Path reference.
2021-03-21 19:00:15,975 WARN  [org.jboss.as.server.deployment] (MSC service thread 1-3) WFLYSRV0059: Class Path entry ironjacamar-common-api.jar in /C:/Users/marce/Desktop/backend/proyectoPP/backend/laboratorio/content/prueba.war/WEB-INF/lib/ironjacamar-validator-1.0.6.Final.jar  does not point to a valid jar for a Class-Path reference.
2021-03-21 19:00:15,975 WARN  [org.jboss.as.server.deployment] (MSC service thread 1-3) WFLYSRV0059: Class Path entry ironjacamar-common-impl.jar in /C:/Users/marce/Desktop/backend/proyectoPP/backend/laboratorio/content/prueba.war/WEB-INF/lib/ironjacamar-validator-1.0.6.Final.jar  does not point to a valid jar for a Class-Path reference.
2021-03-21 19:00:15,980 WARN  [org.jboss.as.server.deployment] (MSC service thread 1-3) WFLYSRV0059: Class Path entry slf4j-api-1.5.6.jar in /C:/Users/marce/Desktop/backend/proyectoPP/backend/laboratorio/content/prueba.war/WEB-INF/lib/jacorb-2.3.1.jbossorg-1.jar  does not point to a valid jar for a Class-Path reference.
2021-03-21 19:00:15,984 WARN  [org.jboss.as.server.deployment] (MSC service thread 1-3) WFLYSRV0059: Class Path entry slf4j-jdk14-1.5.6.jar in /C:/Users/marce/Desktop/backend/proyectoPP/backend/laboratorio/content/prueba.war/WEB-INF/lib/jacorb-2.3.1.jbossorg-1.jar  does not point to a valid jar for a Class-Path reference.
2021-03-21 19:00:15,989 WARN  [org.jboss.as.server.deployment] (MSC service thread 1-3) WFLYSRV0059: Class Path entry concurrent-1.3.2.jar in /C:/Users/marce/Desktop/backend/proyectoPP/backend/laboratorio/content/prueba.war/WEB-INF/lib/jacorb-2.3.1.jbossorg-1.jar  does not point to a valid jar for a Class-Path reference.
2021-03-21 19:00:15,991 WARN  [org.jboss.as.server.deployment] (MSC service thread 1-3) WFLYSRV0059: Class Path entry antlr-2.7.2.jar in /C:/Users/marce/Desktop/backend/proyectoPP/backend/laboratorio/content/prueba.war/WEB-INF/lib/jacorb-2.3.1.jbossorg-1.jar  does not point to a valid jar for a Class-Path reference.
2021-03-21 19:00:15,991 WARN  [org.jboss.as.server.deployment] (MSC service thread 1-3) WFLYSRV0059: Class Path entry slf4j-api-1.5.6.jar in /C:/Users/marce/Desktop/backend/proyectoPP/backend/laboratorio/content/prueba.war/WEB-INF/lib/jacorb-2.3.1jboss.patch01-brew.jar  does not point to a valid jar for a Class-Path reference.
2021-03-21 19:00:15,991 WARN  [org.jboss.as.server.deployment] (MSC service thread 1-3) WFLYSRV0059: Class Path entry slf4j-jdk14-1.5.6.jar in /C:/Users/marce/Desktop/backend/proyectoPP/backend/laboratorio/content/prueba.war/WEB-INF/lib/jacorb-2.3.1jboss.patch01-brew.jar  does not point to a valid jar for a Class-Path reference.
2021-03-21 19:00:15,991 WARN  [org.jboss.as.server.deployment] (MSC service thread 1-3) WFLYSRV0059: Class Path entry concurrent-1.3.2.jar in /C:/Users/marce/Desktop/backend/proyectoPP/backend/laboratorio/content/prueba.war/WEB-INF/lib/jacorb-2.3.1jboss.patch01-brew.jar  does not point to a valid jar for a Class-Path reference.
2021-03-21 19:00:15,995 WARN  [org.jboss.as.server.deployment] (MSC service thread 1-3) WFLYSRV0059: Class Path entry antlr-2.7.2.jar in /C:/Users/marce/Desktop/backend/proyectoPP/backend/laboratorio/content/prueba.war/WEB-INF/lib/jacorb-2.3.1jboss.patch01-brew.jar  does not point to a valid jar for a Class-Path reference.
2021-03-21 19:00:16,034 ERROR [org.jboss.as.controller.management-operation] (Controller Boot Thread) WFLYCTL0013: Operation ("add") failed - address: ([
    ("core-service" => "management"),
    ("management-interface" => "http-interface")
]) - failure description: {"WFLYCTL0080: Failed services" => {"org.wildfly.management.http.extensible" => "java.net.BindException: Address already in use: bind /127.0.0.1:9990"}}
2021-03-21 19:00:16,161 ERROR [org.jboss.as.controller.management-operation] (Controller Boot Thread) WFLYCTL0013: Operation ("add") failed - address: ([
    ("subsystem" => "undertow"),
    ("server" => "default-server"),
    ("http-listener" => "default")
]) - failure description: {"WFLYCTL0080: Failed services" => {"org.wildfly.undertow.listener.default" => "Address already in use: bind /127.0.0.1:8080"}}
2021-03-21 19:00:16,164 ERROR [org.jboss.as.controller.management-operation] (Controller Boot Thread) WFLYCTL0013: Operation ("add") failed - address: ([
    ("subsystem" => "undertow"),
    ("server" => "default-server"),
    ("https-listener" => "https")
]) - failure description: {"WFLYCTL0080: Failed services" => {"org.wildfly.undertow.listener.https" => "Address already in use: bind /127.0.0.1:8443"}}
2021-03-21 19:00:16,171 ERROR [org.jboss.as.controller.management-operation] (Controller Boot Thread) WFLYCTL0013: Operation ("add") failed - address: ([
    ("core-service" => "management"),
    ("management-interface" => "http-interface")
]) - failure description: {"WFLYCTL0080: Failed services" => {"org.wildfly.management.http.extensible" => "java.net.BindException: Address already in use: bind /127.0.0.1:9990"}}
2021-03-21 19:00:16,904 INFO  [org.jboss.as.server.deployment] (MSC service thread 1-8) WFLYSRV0028: Stopped deployment prueba.war (runtime-name: prueba.war) in 730ms
2021-03-21 19:00:16,914 ERROR [org.jboss.as.server] (Controller Boot Thread) WFLYSRV0021: Deploy of deployment "prueba.war" was rolled back with the following failure message: undefined
2021-03-21 19:00:16,939 INFO  [org.jboss.as.mail.extension] (MSC service thread 1-4) WFLYMAIL0002: Unbound mail session [java:jboss/mail/Default]
2021-03-21 19:00:16,939 INFO  [org.jboss.as.connector.subsystems.datasources] (MSC service thread 1-6) WFLYJCA0010: Unbound data source [java:jboss/datasources/ExampleDS]
2021-03-21 19:00:16,950 INFO  [org.jboss.as.connector.subsystems.datasources] (MSC service thread 1-5) WFLYJCA0010: Unbound data source [java:jboss/datasources/laboratorio]
2021-03-21 19:00:16,981 INFO  [org.wildfly.extension.undertow] (MSC service thread 1-4) WFLYUT0019: Host default-host stopping
2021-03-21 19:00:16,999 INFO  [org.jboss.as.connector.deployers.jdbc] (MSC service thread 1-6) WFLYJCA0019: Stopped Driver service with driver-name = postgres
2021-03-21 19:00:17,004 INFO  [org.jboss.as.connector.deployers.jdbc] (MSC service thread 1-4) WFLYJCA0019: Stopped Driver service with driver-name = h2
2021-03-21 19:00:17,024 INFO  [org.wildfly.extension.undertow] (MSC service thread 1-8) WFLYUT0004: Undertow 2.0.27.Final stopping
2021-03-21 19:00:17,117 FATAL [org.jboss.as.server] (Controller Boot Thread) WFLYSRV0056: Server boot has failed in an unrecoverable manner; exiting. See previous messages for details.
2021-03-21 19:00:17,155 INFO  [org.jboss.as] (MSC service thread 1-8) WFLYSRV0050: WildFly Full 18.0.1.Final (WildFly Core 10.0.3.Final) stopped in 30ms
2021-03-21 19:03:19,298 INFO  [org.jboss.modules] (main) JBoss Modules version 1.9.1.Final
2021-03-21 19:03:19,837 INFO  [org.jboss.msc] (main) JBoss MSC version 1.4.11.Final
2021-03-21 19:03:19,853 INFO  [org.jboss.threads] (main) JBoss Threads version 2.3.3.Final
2021-03-21 19:03:20,027 INFO  [org.jboss.as] (MSC service thread 1-2) WFLYSRV0049: WildFly Full 18.0.1.Final (WildFly Core 10.0.3.Final) starting
2021-03-21 19:03:20,029 DEBUG [org.jboss.as.config] (MSC service thread 1-2) Configured system properties:
	awt.toolkit = sun.awt.windows.WToolkit
	file.encoding = Cp1252
	file.encoding.pkg = sun.io
	file.separator = \
	java.awt.graphicsenv = sun.awt.Win32GraphicsEnvironment
	java.awt.printerjob = sun.awt.windows.WPrinterJob
	java.class.path = C:\Users\marce\Desktop\backend\proyectoPP\backend\laboratorio\jboss-modules.jar
	java.class.version = 52.0
	java.endorsed.dirs = C:\Program Files\Java\jdk1.8.0_201\jre\lib\endorsed
	java.ext.dirs = C:\Program Files\Java\jdk1.8.0_201\jre\lib\ext;C:\WINDOWS\Sun\Java\lib\ext
	java.home = C:\Program Files\Java\jdk1.8.0_201\jre
	java.io.tmpdir = C:\Users\marce\AppData\Local\Temp\
	java.library.path = C:\Program Files\Java\jdk1.8.0_201\bin;C:\WINDOWS\Sun\Java\bin;C:\WINDOWS\system32;C:\WINDOWS;C:\Program Files\Common Files\Oracle\Java\javapath;C:\Program Files\AdoptOpenJDK\jdk-15.0.0.36-hotspot\bin;C:\Program Files (x86)\Common Files\Oracle\Java\javapath;C:\Program Files (x86)\Intel\iCLS Client\;C:\Program Files\Intel\iCLS Client\;C:\WINDOWS\system32;C:\WINDOWS;C:\WINDOWS\System32\Wbem;C:\WINDOWS\System32\WindowsPowerShell\v1.0\;C:\Program Files (x86)\Intel\Intel(R) Management Engine Components\DAL;C:\Program Files\Intel\Intel(R) Management Engine Components\DAL;C:\Program Files (x86)\Intel\Intel(R) Management Engine Components\IPT;C:\Program Files\Intel\Intel(R) Management Engine Components\IPT;C:\WINDOWS\System32\OpenSSH\;C:\Program Files\Intel\WiFi\bin\;C:\Program Files\Common Files\Intel\WirelessCommon\;C:\Program Files\Git\cmd;C:\Program Files\PuTTY\;C:\Program Files\Calibre2\;C:\sqlite3;C:\apache-maven-3.6.3\bin;C:\Users\marce\AppData\Local\Programs\Python\Python37\Scripts\;C:\Users\marce\AppData\Local\Programs\Python\Python37\;C:\Users\marce\AppData\Local\Microsoft\WindowsApps;C:\Users\marce\AppData\Local\Programs\Microsoft VS Code\bin;C:\Program Files\Java\jdk1.8.0_201\bin;C:\src\flutter\bin;C:\sqlite3;;.
	java.net.preferIPv4Stack = true
	java.runtime.name = Java(TM) SE Runtime Environment
	java.runtime.version = 1.8.0_201-b09
	java.specification.name = Java Platform API Specification
	java.specification.vendor = Oracle Corporation
	java.specification.version = 1.8
	java.util.logging.manager = org.jboss.logmanager.LogManager
	java.vendor = Oracle Corporation
	java.vendor.url = http://java.oracle.com/
	java.vendor.url.bug = http://bugreport.sun.com/bugreport/
	java.version = 1.8.0_201
	java.vm.info = mixed mode
	java.vm.name = Java HotSpot(TM) 64-Bit Server VM
	java.vm.specification.name = Java Virtual Machine Specification
	java.vm.specification.vendor = Oracle Corporation
	java.vm.specification.version = 1.8
	java.vm.vendor = Oracle Corporation
	java.vm.version = 25.201-b09
	javax.management.builder.initial = org.jboss.as.jmx.PluggableMBeanServerBuilder
	jboss.home.dir = C:\Users\marce\Desktop\backend\proyectoPP\backend\laboratorio
	jboss.host.name = laptop-acn7ut9q
	jboss.modules.dir = C:\Users\marce\Desktop\backend\proyectoPP\backend\laboratorio\modules
	jboss.modules.system.pkgs = org.jboss.byteman
	jboss.node.name = laptop-acn7ut9q
	jboss.qualified.host.name = laptop-acn7ut9q
	jboss.server.base.dir = C:\Users\marce\Desktop\backend\proyectoPP\backend\laboratorio\standalone
	jboss.server.config.dir = C:\Users\marce\Desktop\backend\proyectoPP\backend\laboratorio\standalone\configuration
	jboss.server.data.dir = C:\Users\marce\Desktop\backend\proyectoPP\backend\laboratorio\standalone\data
	jboss.server.deploy.dir = C:\Users\marce\Desktop\backend\proyectoPP\backend\laboratorio\standalone\data\content
	jboss.server.log.dir = C:\Users\marce\Desktop\backend\proyectoPP\backend\laboratorio\standalone\log
	jboss.server.name = laptop-acn7ut9q
	jboss.server.persist.config = true
	jboss.server.temp.dir = C:\Users\marce\Desktop\backend\proyectoPP\backend\laboratorio\standalone\tmp
	line.separator = 

	logging.configuration = file:C:\Users\marce\Desktop\backend\proyectoPP\backend\laboratorio\standalone\configuration/logging.properties
	module.path = C:\Users\marce\Desktop\backend\proyectoPP\backend\laboratorio\modules
	org.jboss.boot.log.file = C:\Users\marce\Desktop\backend\proyectoPP\backend\laboratorio\standalone\log/server.log
	org.jboss.resolver.warning = true
	os.arch = amd64
	os.name = Windows 10
	os.version = 10.0
	path.separator = ;
	sun.arch.data.model = 64
	sun.boot.class.path = C:\Program Files\Java\jdk1.8.0_201\jre\lib\resources.jar;C:\Program Files\Java\jdk1.8.0_201\jre\lib\rt.jar;C:\Program Files\Java\jdk1.8.0_201\jre\lib\sunrsasign.jar;C:\Program Files\Java\jdk1.8.0_201\jre\lib\jsse.jar;C:\Program Files\Java\jdk1.8.0_201\jre\lib\jce.jar;C:\Program Files\Java\jdk1.8.0_201\jre\lib\charsets.jar;C:\Program Files\Java\jdk1.8.0_201\jre\lib\jfr.jar;C:\Program Files\Java\jdk1.8.0_201\jre\classes
	sun.boot.library.path = C:\Program Files\Java\jdk1.8.0_201\jre\bin
	sun.cpu.endian = little
	sun.cpu.isalist = amd64
	sun.desktop = windows
	sun.io.unicode.encoding = UnicodeLittle
	sun.java.command = C:\Users\marce\Desktop\backend\proyectoPP\backend\laboratorio\jboss-modules.jar -mp C:\Users\marce\Desktop\backend\proyectoPP\backend\laboratorio\modules org.jboss.as.standalone
	sun.java.launcher = SUN_STANDARD
	sun.jnu.encoding = Cp1252
	sun.management.compiler = HotSpot 64-Bit Tiered Compilers
	sun.os.patch.level = 
	sun.stderr.encoding = cp437
	sun.stdout.encoding = cp437
	user.country = ES
	user.dir = C:\Users\marce\Desktop\backend\proyectoPP\backend\laboratorio
	user.home = C:\Users\marce
	user.language = es
	user.name = marce
	user.script = 
	user.timezone = America/Asuncion
	user.variant = 
2021-03-21 19:03:20,029 DEBUG [org.jboss.as.config] (MSC service thread 1-2) VM Arguments: -Xms64M -Xmx512M -XX:MetaspaceSize=96M -XX:MaxMetaspaceSize=256m -Djava.net.preferIPv4Stack=true -Djboss.modules.system.pkgs=org.jboss.byteman -Dorg.jboss.boot.log.file=C:\Users\marce\Desktop\backend\proyectoPP\backend\laboratorio\standalone\log/server.log -Dlogging.configuration=file:C:\Users\marce\Desktop\backend\proyectoPP\backend\laboratorio\standalone\configuration/logging.properties -Djboss.home.dir=C:\Users\marce\Desktop\backend\proyectoPP\backend\laboratorio -Djboss.server.base.dir=C:\Users\marce\Desktop\backend\proyectoPP\backend\laboratorio\standalone -Djboss.server.config.dir=C:\Users\marce\Desktop\backend\proyectoPP\backend\laboratorio\standalone\configuration 
2021-03-21 19:03:21,468 INFO  [org.wildfly.security] (ServerService Thread Pool -- 28) ELY00001: WildFly Elytron version 1.10.4.Final
2021-03-21 19:03:22,485 INFO  [org.jboss.as.controller.management-deprecated] (Controller Boot Thread) WFLYCTL0028: Attribute 'security-realm' in the resource at address '/core-service=management/management-interface=http-interface' is deprecated, and may be removed in a future version. See the attribute description in the output of the read-resource-description operation to learn more about the deprecation.
2021-03-21 19:03:22,536 INFO  [org.jboss.as.controller.management-deprecated] (ServerService Thread Pool -- 16) WFLYCTL0028: Attribute 'security-realm' in the resource at address '/subsystem=undertow/server=default-server/https-listener=https' is deprecated, and may be removed in a future version. See the attribute description in the output of the read-resource-description operation to learn more about the deprecation.
2021-03-21 19:03:22,687 INFO  [org.jboss.as.server] (Controller Boot Thread) WFLYSRV0039: Creating http management service using socket-binding (management-http)
2021-03-21 19:03:22,725 INFO  [org.xnio] (MSC service thread 1-3) XNIO version 3.7.3.Final
2021-03-21 19:03:22,747 INFO  [org.xnio.nio] (MSC service thread 1-3) XNIO NIO Implementation Version 3.7.3.Final
2021-03-21 19:03:22,838 INFO  [org.jboss.as.webservices] (ServerService Thread Pool -- 74) WFLYWS0002: Activating WebServices Extension
2021-03-21 19:03:22,848 WARN  [org.jboss.as.txn] (ServerService Thread Pool -- 72) WFLYTX0013: The node-identifier attribute on the /subsystem=transactions is set to the default value. This is a danger for environments running multiple servers. Please make sure the attribute value is unique.
2021-03-21 19:03:22,856 INFO  [org.jboss.as.naming] (ServerService Thread Pool -- 64) WFLYNAM0001: Activating Naming Subsystem
2021-03-21 19:03:22,878 INFO  [org.jboss.as.clustering.infinispan] (ServerService Thread Pool -- 51) WFLYCLINF0001: Activating Infinispan subsystem.
2021-03-21 19:03:22,898 INFO  [org.wildfly.extension.microprofile.config.smallrye._private] (ServerService Thread Pool -- 60) WFLYCONF0001: Activating WildFly MicroProfile Config Subsystem
2021-03-21 19:03:22,928 INFO  [org.jboss.as.jaxrs] (ServerService Thread Pool -- 53) WFLYRS0016: RESTEasy version 3.9.1.Final
2021-03-21 19:03:22,949 INFO  [org.wildfly.extension.microprofile.opentracing] (ServerService Thread Pool -- 63) WFLYTRACEXT0001: Activating MicroProfile OpenTracing Subsystem
2021-03-21 19:03:22,969 INFO  [org.jboss.as.security] (ServerService Thread Pool -- 70) WFLYSEC0002: Activating Security Subsystem
2021-03-21 19:03:22,969 INFO  [org.wildfly.extension.undertow] (MSC service thread 1-5) WFLYUT0003: Undertow 2.0.27.Final starting
2021-03-21 19:03:23,030 INFO  [org.wildfly.extension.microprofile.health.smallrye] (ServerService Thread Pool -- 61) WFLYHEALTH0001: Activating Eclipse MicroProfile Health Subsystem
2021-03-21 19:03:23,080 INFO  [org.jboss.as.jsf] (ServerService Thread Pool -- 58) WFLYJSF0007: Activated the following JSF Implementations: [main]
2021-03-21 19:03:23,121 INFO  [org.wildfly.extension.microprofile.metrics.smallrye] (ServerService Thread Pool -- 62) WFLYMETRICS0001: Activating Eclipse MicroProfile Metrics Subsystem
2021-03-21 19:03:23,141 INFO  [org.jboss.as.security] (MSC service thread 1-4) WFLYSEC0001: Current PicketBox version=5.0.3.Final
2021-03-21 19:03:23,151 INFO  [org.jboss.as.connector] (MSC service thread 1-1) WFLYJCA0009: Starting JCA Subsystem (WildFly/IronJacamar 1.4.17.Final)
2021-03-21 19:03:23,232 INFO  [org.jboss.as.naming] (MSC service thread 1-8) WFLYNAM0003: Starting Naming Service
2021-03-21 19:03:23,471 INFO  [org.jboss.as.connector.subsystems.datasources] (ServerService Thread Pool -- 43) WFLYJCA0004: Deploying JDBC-compliant driver class org.h2.Driver (version 1.4)
2021-03-21 19:03:23,513 INFO  [org.jboss.as.connector.subsystems.datasources] (ServerService Thread Pool -- 43) WFLYJCA0005: Deploying non-JDBC-compliant driver class org.postgresql.Driver (version 9.4)
2021-03-21 19:03:23,624 INFO  [org.jboss.as.mail.extension] (MSC service thread 1-4) WFLYMAIL0001: Bound mail session [java:jboss/mail/Default]
2021-03-21 19:03:23,675 INFO  [org.jboss.as.connector.deployers.jdbc] (MSC service thread 1-8) WFLYJCA0018: Started Driver service with driver-name = h2
2021-03-21 19:03:23,695 INFO  [org.jboss.as.connector.deployers.jdbc] (MSC service thread 1-1) WFLYJCA0018: Started Driver service with driver-name = postgres
2021-03-21 19:03:23,775 INFO  [org.wildfly.extension.undertow] (ServerService Thread Pool -- 73) WFLYUT0014: Creating file handler for path 'C:\Users\marce\Desktop\backend\proyectoPP\backend\laboratorio/welcome-content' with options [directory-listing: 'false', follow-symlink: 'false', case-sensitive: 'true', safe-symlink-paths: '[]']
2021-03-21 19:03:24,470 INFO  [org.wildfly.extension.io] (ServerService Thread Pool -- 52) WFLYIO001: Worker 'default' has auto-configured to 8 core threads with 64 task threads based on your 4 available processors
2021-03-21 19:03:24,480 INFO  [org.jboss.as.ejb3] (MSC service thread 1-2) WFLYEJB0482: Strict pool mdb-strict-max-pool is using a max instance size of 16 (per class), which is derived from the number of CPUs on this host.
2021-03-21 19:03:24,480 INFO  [org.jboss.as.ejb3] (MSC service thread 1-6) WFLYEJB0481: Strict pool slsb-strict-max-pool is using a max instance size of 64 (per class), which is derived from thread worker pool sizing.
2021-03-21 19:03:24,591 INFO  [org.jboss.as.patching] (MSC service thread 1-4) WFLYPAT0050: WildFly Full cumulative patch ID is: base, one-off patches include: none
2021-03-21 19:03:24,601 INFO  [org.wildfly.extension.undertow] (MSC service thread 1-5) WFLYUT0012: Started server default-server.
2021-03-21 19:03:24,601 INFO  [org.wildfly.extension.undertow] (MSC service thread 1-7) WFLYUT0018: Host default-host starting
2021-03-21 19:03:24,612 INFO  [org.jboss.remoting] (MSC service thread 1-6) JBoss Remoting version 5.0.15.Final
2021-03-21 19:03:24,713 INFO  [org.jboss.as.server.deployment] (MSC service thread 1-2) WFLYSRV0027: Starting deployment of "prueba.war" (runtime-name: "prueba.war")
2021-03-21 19:03:24,713 WARN  [org.jboss.as.domain.management.security] (MSC service thread 1-3) WFLYDM0111: Keystore C:\Users\marce\Desktop\backend\proyectoPP\backend\laboratorio\standalone\configuration\application.keystore not found, it will be auto generated on first use with a self signed certificate for host localhost
2021-03-21 19:03:24,723 INFO  [org.jboss.as.server.deployment.scanner] (MSC service thread 1-5) WFLYDS0013: Started FileSystemDeploymentService for directory C:\Users\marce\Desktop\backend\proyectoPP\backend\laboratorio\standalone\deployments
2021-03-21 19:03:24,854 INFO  [org.wildfly.extension.undertow] (MSC service thread 1-4) WFLYUT0006: Undertow HTTP listener default listening on 127.0.0.1:8080
2021-03-21 19:03:24,864 INFO  [org.jboss.as.ejb3] (MSC service thread 1-4) WFLYEJB0493: EJB subsystem suspension complete
2021-03-21 19:03:25,006 INFO  [org.jboss.as.connector.subsystems.datasources] (MSC service thread 1-7) WFLYJCA0001: Bound data source [java:jboss/datasources/laboratorio]
2021-03-21 19:03:25,014 INFO  [org.jboss.as.connector.subsystems.datasources] (MSC service thread 1-1) WFLYJCA0001: Bound data source [java:jboss/datasources/ExampleDS]
2021-03-21 19:03:25,497 INFO  [org.wildfly.extension.undertow] (MSC service thread 1-1) WFLYUT0006: Undertow HTTPS listener https listening on 127.0.0.1:8443
2021-03-21 19:03:25,730 INFO  [org.jboss.ws.common.management] (MSC service thread 1-1) JBWS022052: Starting JBossWS 5.3.0.Final (Apache CXF 3.3.3) 
2021-03-21 19:03:31,896 WARN  [org.jboss.as.server.deployment] (MSC service thread 1-2) WFLYSRV0059: Class Path entry jboss-logging.jar in /C:/Users/marce/Desktop/backend/proyectoPP/backend/laboratorio/content/prueba.war/WEB-INF/lib/ironjacamar-validator-1.0.6.Final.jar  does not point to a valid jar for a Class-Path reference.
2021-03-21 19:03:31,896 WARN  [org.jboss.as.server.deployment] (MSC service thread 1-2) WFLYSRV0059: Class Path entry jboss-common-core.jar in /C:/Users/marce/Desktop/backend/proyectoPP/backend/laboratorio/content/prueba.war/WEB-INF/lib/ironjacamar-validator-1.0.6.Final.jar  does not point to a valid jar for a Class-Path reference.
2021-03-21 19:03:31,896 WARN  [org.jboss.as.server.deployment] (MSC service thread 1-2) WFLYSRV0059: Class Path entry ironjacamar-spec-api.jar in /C:/Users/marce/Desktop/backend/proyectoPP/backend/laboratorio/content/prueba.war/WEB-INF/lib/ironjacamar-validator-1.0.6.Final.jar  does not point to a valid jar for a Class-Path reference.
2021-03-21 19:03:31,912 WARN  [org.jboss.as.server.deployment] (MSC service thread 1-2) WFLYSRV0059: Class Path entry papaki-core.jar in /C:/Users/marce/Desktop/backend/proyectoPP/backend/laboratorio/content/prueba.war/WEB-INF/lib/ironjacamar-validator-1.0.6.Final.jar  does not point to a valid jar for a Class-Path reference.
2021-03-21 19:03:31,912 WARN  [org.jboss.as.server.deployment] (MSC service thread 1-2) WFLYSRV0059: Class Path entry javassist.jar in /C:/Users/marce/Desktop/backend/proyectoPP/backend/laboratorio/content/prueba.war/WEB-INF/lib/ironjacamar-validator-1.0.6.Final.jar  does not point to a valid jar for a Class-Path reference.
2021-03-21 19:03:31,912 WARN  [org.jboss.as.server.deployment] (MSC service thread 1-2) WFLYSRV0059: Class Path entry ironjacamar-common-api.jar in /C:/Users/marce/Desktop/backend/proyectoPP/backend/laboratorio/content/prueba.war/WEB-INF/lib/ironjacamar-validator-1.0.6.Final.jar  does not point to a valid jar for a Class-Path reference.
2021-03-21 19:03:31,912 WARN  [org.jboss.as.server.deployment] (MSC service thread 1-2) WFLYSRV0059: Class Path entry ironjacamar-common-impl.jar in /C:/Users/marce/Desktop/backend/proyectoPP/backend/laboratorio/content/prueba.war/WEB-INF/lib/ironjacamar-validator-1.0.6.Final.jar  does not point to a valid jar for a Class-Path reference.
2021-03-21 19:03:31,912 WARN  [org.jboss.as.server.deployment] (MSC service thread 1-2) WFLYSRV0059: Class Path entry slf4j-api-1.5.6.jar in /C:/Users/marce/Desktop/backend/proyectoPP/backend/laboratorio/content/prueba.war/WEB-INF/lib/jacorb-2.3.1.jbossorg-1.jar  does not point to a valid jar for a Class-Path reference.
2021-03-21 19:03:31,912 WARN  [org.jboss.as.server.deployment] (MSC service thread 1-2) WFLYSRV0059: Class Path entry slf4j-jdk14-1.5.6.jar in /C:/Users/marce/Desktop/backend/proyectoPP/backend/laboratorio/content/prueba.war/WEB-INF/lib/jacorb-2.3.1.jbossorg-1.jar  does not point to a valid jar for a Class-Path reference.
2021-03-21 19:03:31,912 WARN  [org.jboss.as.server.deployment] (MSC service thread 1-2) WFLYSRV0059: Class Path entry concurrent-1.3.2.jar in /C:/Users/marce/Desktop/backend/proyectoPP/backend/laboratorio/content/prueba.war/WEB-INF/lib/jacorb-2.3.1.jbossorg-1.jar  does not point to a valid jar for a Class-Path reference.
2021-03-21 19:03:31,912 WARN  [org.jboss.as.server.deployment] (MSC service thread 1-2) WFLYSRV0059: Class Path entry antlr-2.7.2.jar in /C:/Users/marce/Desktop/backend/proyectoPP/backend/laboratorio/content/prueba.war/WEB-INF/lib/jacorb-2.3.1.jbossorg-1.jar  does not point to a valid jar for a Class-Path reference.
2021-03-21 19:03:31,912 WARN  [org.jboss.as.server.deployment] (MSC service thread 1-2) WFLYSRV0059: Class Path entry slf4j-api-1.5.6.jar in /C:/Users/marce/Desktop/backend/proyectoPP/backend/laboratorio/content/prueba.war/WEB-INF/lib/jacorb-2.3.1jboss.patch01-brew.jar  does not point to a valid jar for a Class-Path reference.
2021-03-21 19:03:31,912 WARN  [org.jboss.as.server.deployment] (MSC service thread 1-2) WFLYSRV0059: Class Path entry slf4j-jdk14-1.5.6.jar in /C:/Users/marce/Desktop/backend/proyectoPP/backend/laboratorio/content/prueba.war/WEB-INF/lib/jacorb-2.3.1jboss.patch01-brew.jar  does not point to a valid jar for a Class-Path reference.
2021-03-21 19:03:31,912 WARN  [org.jboss.as.server.deployment] (MSC service thread 1-2) WFLYSRV0059: Class Path entry concurrent-1.3.2.jar in /C:/Users/marce/Desktop/backend/proyectoPP/backend/laboratorio/content/prueba.war/WEB-INF/lib/jacorb-2.3.1jboss.patch01-brew.jar  does not point to a valid jar for a Class-Path reference.
2021-03-21 19:03:31,912 WARN  [org.jboss.as.server.deployment] (MSC service thread 1-2) WFLYSRV0059: Class Path entry antlr-2.7.2.jar in /C:/Users/marce/Desktop/backend/proyectoPP/backend/laboratorio/content/prueba.war/WEB-INF/lib/jacorb-2.3.1jboss.patch01-brew.jar  does not point to a valid jar for a Class-Path reference.
2021-03-21 19:03:32,166 INFO  [org.jboss.as.pojo] (MSC service thread 1-3) WFLYPOJO0001: Found legacy bean/pojo namespace: urn:jboss:bean-deployer:2.0 - might be missing some xml features (potential exceptions).
2021-03-21 19:03:32,798 INFO  [org.jboss.as.jpa] (MSC service thread 1-3) WFLYJPA0002: Read persistence.xml for pruebaPU
2021-03-21 19:03:33,563 INFO  [org.jboss.weld.deployer] (MSC service thread 1-4) WFLYWELD0003: Processing weld deployment prueba.war
2021-03-21 19:03:34,865 INFO  [org.hibernate.validator.internal.util.Version] (MSC service thread 1-4) HV000001: Hibernate Validator 6.0.18.Final
2021-03-21 19:03:35,882 INFO  [org.jboss.as.ejb3.deployment] (MSC service thread 1-4) WFLYEJB0473: JNDI bindings for session bean named 'PersonaDAO' in deployment unit 'deployment "prueba.war"' are as follows:

	java:global/prueba/PersonaDAO!py.com.progweb.prueba.ejb.PersonaDAO
	java:app/prueba/PersonaDAO!py.com.progweb.prueba.ejb.PersonaDAO
	java:module/PersonaDAO!py.com.progweb.prueba.ejb.PersonaDAO
	ejb:/prueba/PersonaDAO!py.com.progweb.prueba.ejb.PersonaDAO
	java:global/prueba/PersonaDAO
	java:app/prueba/PersonaDAO
	java:module/PersonaDAO

2021-03-21 19:03:36,252 INFO  [org.infinispan.factories.GlobalComponentRegistry] (MSC service thread 1-1) ISPN000128: Infinispan version: Infinispan 'Infinity Minus ONE +2' 9.4.16.Final
2021-03-21 19:03:36,305 WARN  [org.jboss.as.jaxrs] (MSC service thread 1-6) WFLYRS0018: Explicit usage of Jackson annotation in a JAX-RS deployment; the system will disable JSON-B processing for the current deployment. Consider setting the 'resteasy.preferJacksonOverJsonB' property to 'false' to restore JSON-B.
2021-03-21 19:03:36,368 INFO  [org.jboss.weld.Version] (MSC service thread 1-6) WELD-000900: 3.1.2 (Final)
2021-03-21 19:03:37,188 INFO  [org.jboss.as.jpa] (ServerService Thread Pool -- 77) WFLYJPA0010: Starting Persistence Unit (phase 1 of 2) Service 'prueba.war#pruebaPU'
2021-03-21 19:03:37,693 INFO  [org.hibernate.jpa.internal.util.LogHelper] (ServerService Thread Pool -- 77) HHH000204: Processing PersistenceUnitInfo [
	name: pruebaPU
	...]
2021-03-21 19:03:37,800 INFO  [org.jboss.as.clustering.infinispan] (ServerService Thread Pool -- 78) WFLYCLINF0002: Started client-mappings cache from ejb container
2021-03-21 19:03:38,579 INFO  [org.hibernate.Version] (ServerService Thread Pool -- 77) HHH000412: Hibernate Core {5.3.13.Final}
2021-03-21 19:03:38,579 INFO  [org.hibernate.cfg.Environment] (ServerService Thread Pool -- 77) HHH000206: hibernate.properties not found
2021-03-21 19:03:39,550 INFO  [org.hibernate.annotations.common.Version] (ServerService Thread Pool -- 77) HCANN000001: Hibernate Commons Annotations {5.0.5.Final}
2021-03-21 19:03:39,866 INFO  [org.jboss.as.jpa] (ServerService Thread Pool -- 77) WFLYJPA0010: Starting Persistence Unit (phase 2 of 2) Service 'prueba.war#pruebaPU'
2021-03-21 19:03:40,567 INFO  [org.hibernate.dialect.Dialect] (ServerService Thread Pool -- 77) HHH000400: Using dialect: org.hibernate.dialect.PostgreSQLDialect
2021-03-21 19:03:41,222 INFO  [org.hibernate.engine.jdbc.env.internal.LobCreatorBuilderImpl] (ServerService Thread Pool -- 77) HHH000424: Disabling contextual LOB creation as createClob() method threw error : java.lang.reflect.InvocationTargetException
2021-03-21 19:03:41,284 INFO  [org.hibernate.type.BasicTypeRegistry] (ServerService Thread Pool -- 77) HHH000270: Type registration [java.util.UUID] overrides previous : org.hibernate.type.UUIDBinaryType@21498d12
2021-03-21 19:03:41,322 INFO  [org.hibernate.envers.boot.internal.EnversServiceImpl] (ServerService Thread Pool -- 77) Envers integration enabled? : true
2021-03-21 19:03:44,174 INFO  [io.smallrye.metrics] (MSC service thread 1-2) MicroProfile: Metrics activated
2021-03-21 19:03:46,294 INFO  [org.jboss.resteasy.resteasy_jaxrs.i18n] (ServerService Thread Pool -- 77) RESTEASY002225: Deploying javax.ws.rs.core.Application: class py.com.progweb.prueba.rest.ApplicationConfig$Proxy$_$$_WeldClientProxy
2021-03-21 19:03:46,426 INFO  [org.wildfly.extension.undertow] (ServerService Thread Pool -- 77) WFLYUT0021: Registered web context: '/prueba' for server 'default-server'
2021-03-21 19:03:46,564 INFO  [org.jboss.as.server] (Controller Boot Thread) WFLYSRV0010: Deployed "prueba.war" (runtime-name : "prueba.war")
2021-03-21 19:03:46,664 INFO  [org.jboss.as.server] (Controller Boot Thread) WFLYSRV0212: Resuming server
2021-03-21 19:03:46,679 INFO  [org.jboss.as] (Controller Boot Thread) WFLYSRV0060: Http management interface listening on http://127.0.0.1:9990/management
2021-03-21 19:03:46,679 INFO  [org.jboss.as] (Controller Boot Thread) WFLYSRV0051: Admin console listening on http://127.0.0.1:9990
2021-03-21 19:03:46,679 INFO  [org.jboss.as] (Controller Boot Thread) WFLYSRV0025: WildFly Full 18.0.1.Final (WildFly Core 10.0.3.Final) started in 27998ms - Started 494 of 707 services (376 services are lazy, passive or on-demand)
2021-03-21 19:05:01,825 INFO  [org.hibernate.hql.internal.QueryTranslatorFactoryInitiator] (default task-1) HHH000397: Using ASTQueryTranslatorFactory
2021-03-21 19:05:01,972 INFO  [stdout] (default task-1) Hibernate: select persona0_.id_persona as id_perso1_0_, persona0_.apellido as apellido2_0_, persona0_.nombre as nombre3_0_ from persona persona0_
2021-03-21 19:06:58,513 INFO  [org.jboss.as.server] (Thread-2) WFLYSRV0272: Suspending server
2021-03-21 19:06:58,516 INFO  [org.jboss.as.ejb3] (Thread-2) WFLYEJB0493: EJB subsystem suspension complete
2021-03-21 19:06:58,520 INFO  [org.jboss.as.server] (Thread-2) WFLYSRV0220: Server shutdown has been requested via an OS signal
2021-03-21 19:06:58,566 INFO  [org.jboss.as.mail.extension] (MSC service thread 1-2) WFLYMAIL0002: Unbound mail session [java:jboss/mail/Default]
2021-03-21 19:06:58,627 INFO  [org.wildfly.extension.undertow] (ServerService Thread Pool -- 81) WFLYUT0022: Unregistered web context: '/prueba' from server 'default-server'
2021-03-21 19:06:58,645 INFO  [org.wildfly.extension.undertow] (MSC service thread 1-7) WFLYUT0019: Host default-host stopping
2021-03-21 19:06:58,690 INFO  [org.jboss.as.connector.subsystems.datasources] (MSC service thread 1-5) WFLYJCA0010: Unbound data source [java:jboss/datasources/ExampleDS]
2021-03-21 19:06:58,690 INFO  [org.jboss.as.clustering.infinispan] (ServerService Thread Pool -- 83) WFLYCLINF0003: Stopped client-mappings cache from ejb container
2021-03-21 19:06:58,696 INFO  [org.jboss.as.jpa] (ServerService Thread Pool -- 82) WFLYJPA0011: Stopping Persistence Unit (phase 2 of 2) Service 'prueba.war#pruebaPU'
2021-03-21 19:06:58,705 INFO  [org.jboss.as.connector.deployers.jdbc] (MSC service thread 1-2) WFLYJCA0019: Stopped Driver service with driver-name = h2
2021-03-21 19:06:58,707 INFO  [org.hibernate.orm.beans] (ServerService Thread Pool -- 82) HHH10005004: Stopping BeanContainer : org.hibernate.resource.beans.container.internal.CdiBeanContainerExtendedAccessImpl@41d840e1
2021-03-21 19:06:58,723 INFO  [org.jboss.as.jpa] (ServerService Thread Pool -- 82) WFLYJPA0011: Stopping Persistence Unit (phase 1 of 2) Service 'prueba.war#pruebaPU'
2021-03-21 19:06:58,728 INFO  [org.jboss.as.connector.subsystems.datasources] (MSC service thread 1-3) WFLYJCA0010: Unbound data source [java:jboss/datasources/laboratorio]
2021-03-21 19:06:58,748 INFO  [org.jboss.as.connector.deployers.jdbc] (MSC service thread 1-4) WFLYJCA0019: Stopped Driver service with driver-name = postgres
2021-03-21 19:06:58,766 INFO  [org.wildfly.extension.undertow] (MSC service thread 1-2) WFLYUT0008: Undertow HTTPS listener https suspending
2021-03-21 19:06:58,770 INFO  [org.wildfly.extension.undertow] (MSC service thread 1-1) WFLYUT0008: Undertow HTTP listener default suspending
2021-03-21 19:06:58,777 INFO  [org.wildfly.extension.undertow] (MSC service thread 1-1) WFLYUT0007: Undertow HTTP listener default stopped, was bound to 127.0.0.1:8080
2021-03-21 19:06:58,777 INFO  [org.wildfly.extension.undertow] (MSC service thread 1-2) WFLYUT0007: Undertow HTTPS listener https stopped, was bound to 127.0.0.1:8443
2021-03-21 19:06:58,814 INFO  [org.wildfly.extension.undertow] (MSC service thread 1-5) WFLYUT0004: Undertow 2.0.27.Final stopping
2021-03-21 19:06:59,270 INFO  [org.jboss.as.server.deployment] (MSC service thread 1-6) WFLYSRV0028: Stopped deployment prueba.war (runtime-name: prueba.war) in 743ms
2021-03-21 19:06:59,309 INFO  [org.jboss.as] (MSC service thread 1-8) WFLYSRV0050: WildFly Full 18.0.1.Final (WildFly Core 10.0.3.Final) stopped in 782ms
2021-03-21 19:09:48,355 INFO  [org.jboss.modules] (main) JBoss Modules version 1.9.1.Final
2021-03-21 19:09:49,370 INFO  [org.jboss.msc] (main) JBoss MSC version 1.4.11.Final
2021-03-21 19:09:49,389 INFO  [org.jboss.threads] (main) JBoss Threads version 2.3.3.Final
2021-03-21 19:09:49,541 INFO  [org.jboss.as] (MSC service thread 1-2) WFLYSRV0049: WildFly Full 18.0.1.Final (WildFly Core 10.0.3.Final) starting
2021-03-21 19:09:49,549 DEBUG [org.jboss.as.config] (MSC service thread 1-2) Configured system properties:
	awt.toolkit = sun.awt.windows.WToolkit
	file.encoding = Cp1252
	file.encoding.pkg = sun.io
	file.separator = \
	java.awt.graphicsenv = sun.awt.Win32GraphicsEnvironment
	java.awt.printerjob = sun.awt.windows.WPrinterJob
	java.class.path = C:\Users\marce\Desktop\backend\proyectoPP\backend\laboratorio\jboss-modules.jar
	java.class.version = 52.0
	java.endorsed.dirs = C:\Program Files\Java\jdk1.8.0_201\jre\lib\endorsed
	java.ext.dirs = C:\Program Files\Java\jdk1.8.0_201\jre\lib\ext;C:\WINDOWS\Sun\Java\lib\ext
	java.home = C:\Program Files\Java\jdk1.8.0_201\jre
	java.io.tmpdir = C:\Users\marce\AppData\Local\Temp\
	java.library.path = C:\Program Files\Java\jdk1.8.0_201\bin;C:\WINDOWS\Sun\Java\bin;C:\WINDOWS\system32;C:\WINDOWS;C:\Program Files\Common Files\Oracle\Java\javapath;C:\Program Files\AdoptOpenJDK\jdk-15.0.0.36-hotspot\bin;C:\Program Files (x86)\Common Files\Oracle\Java\javapath;C:\Program Files (x86)\Intel\iCLS Client\;C:\Program Files\Intel\iCLS Client\;C:\WINDOWS\system32;C:\WINDOWS;C:\WINDOWS\System32\Wbem;C:\WINDOWS\System32\WindowsPowerShell\v1.0\;C:\Program Files (x86)\Intel\Intel(R) Management Engine Components\DAL;C:\Program Files\Intel\Intel(R) Management Engine Components\DAL;C:\Program Files (x86)\Intel\Intel(R) Management Engine Components\IPT;C:\Program Files\Intel\Intel(R) Management Engine Components\IPT;C:\WINDOWS\System32\OpenSSH\;C:\Program Files\Intel\WiFi\bin\;C:\Program Files\Common Files\Intel\WirelessCommon\;C:\Program Files\Git\cmd;C:\Program Files\PuTTY\;C:\Program Files\Calibre2\;C:\sqlite3;C:\apache-maven-3.6.3\bin;C:\Users\marce\AppData\Local\Programs\Python\Python37\Scripts\;C:\Users\marce\AppData\Local\Programs\Python\Python37\;C:\Users\marce\AppData\Local\Microsoft\WindowsApps;C:\Users\marce\AppData\Local\Programs\Microsoft VS Code\bin;C:\Program Files\Java\jdk1.8.0_201\bin;C:\src\flutter\bin;C:\sqlite3;;.
	java.net.preferIPv4Stack = true
	java.runtime.name = Java(TM) SE Runtime Environment
	java.runtime.version = 1.8.0_201-b09
	java.specification.name = Java Platform API Specification
	java.specification.vendor = Oracle Corporation
	java.specification.version = 1.8
	java.util.logging.manager = org.jboss.logmanager.LogManager
	java.vendor = Oracle Corporation
	java.vendor.url = http://java.oracle.com/
	java.vendor.url.bug = http://bugreport.sun.com/bugreport/
	java.version = 1.8.0_201
	java.vm.info = mixed mode
	java.vm.name = Java HotSpot(TM) 64-Bit Server VM
	java.vm.specification.name = Java Virtual Machine Specification
	java.vm.specification.vendor = Oracle Corporation
	java.vm.specification.version = 1.8
	java.vm.vendor = Oracle Corporation
	java.vm.version = 25.201-b09
	javax.management.builder.initial = org.jboss.as.jmx.PluggableMBeanServerBuilder
	jboss.home.dir = C:\Users\marce\Desktop\backend\proyectoPP\backend\laboratorio
	jboss.host.name = laptop-acn7ut9q
	jboss.modules.dir = C:\Users\marce\Desktop\backend\proyectoPP\backend\laboratorio\modules
	jboss.modules.system.pkgs = org.jboss.byteman
	jboss.node.name = laptop-acn7ut9q
	jboss.qualified.host.name = laptop-acn7ut9q
	jboss.server.base.dir = C:\Users\marce\Desktop\backend\proyectoPP\backend\laboratorio\standalone
	jboss.server.config.dir = C:\Users\marce\Desktop\backend\proyectoPP\backend\laboratorio\standalone\configuration
	jboss.server.data.dir = C:\Users\marce\Desktop\backend\proyectoPP\backend\laboratorio\standalone\data
	jboss.server.deploy.dir = C:\Users\marce\Desktop\backend\proyectoPP\backend\laboratorio\standalone\data\content
	jboss.server.log.dir = C:\Users\marce\Desktop\backend\proyectoPP\backend\laboratorio\standalone\log
	jboss.server.name = laptop-acn7ut9q
	jboss.server.persist.config = true
	jboss.server.temp.dir = C:\Users\marce\Desktop\backend\proyectoPP\backend\laboratorio\standalone\tmp
	line.separator = 

	logging.configuration = file:C:\Users\marce\Desktop\backend\proyectoPP\backend\laboratorio\standalone\configuration/logging.properties
	module.path = C:\Users\marce\Desktop\backend\proyectoPP\backend\laboratorio\modules
	org.jboss.boot.log.file = C:\Users\marce\Desktop\backend\proyectoPP\backend\laboratorio\standalone\log/server.log
	org.jboss.resolver.warning = true
	os.arch = amd64
	os.name = Windows 10
	os.version = 10.0
	path.separator = ;
	sun.arch.data.model = 64
	sun.boot.class.path = C:\Program Files\Java\jdk1.8.0_201\jre\lib\resources.jar;C:\Program Files\Java\jdk1.8.0_201\jre\lib\rt.jar;C:\Program Files\Java\jdk1.8.0_201\jre\lib\sunrsasign.jar;C:\Program Files\Java\jdk1.8.0_201\jre\lib\jsse.jar;C:\Program Files\Java\jdk1.8.0_201\jre\lib\jce.jar;C:\Program Files\Java\jdk1.8.0_201\jre\lib\charsets.jar;C:\Program Files\Java\jdk1.8.0_201\jre\lib\jfr.jar;C:\Program Files\Java\jdk1.8.0_201\jre\classes
	sun.boot.library.path = C:\Program Files\Java\jdk1.8.0_201\jre\bin
	sun.cpu.endian = little
	sun.cpu.isalist = amd64
	sun.desktop = windows
	sun.io.unicode.encoding = UnicodeLittle
	sun.java.command = C:\Users\marce\Desktop\backend\proyectoPP\backend\laboratorio\jboss-modules.jar -mp C:\Users\marce\Desktop\backend\proyectoPP\backend\laboratorio\modules org.jboss.as.standalone
	sun.java.launcher = SUN_STANDARD
	sun.jnu.encoding = Cp1252
	sun.management.compiler = HotSpot 64-Bit Tiered Compilers
	sun.os.patch.level = 
	sun.stderr.encoding = cp437
	sun.stdout.encoding = cp437
	user.country = ES
	user.dir = C:\Users\marce\Desktop\backend\proyectoPP\backend\laboratorio
	user.home = C:\Users\marce
	user.language = es
	user.name = marce
	user.script = 
	user.timezone = America/Asuncion
	user.variant = 
2021-03-21 19:09:49,551 DEBUG [org.jboss.as.config] (MSC service thread 1-2) VM Arguments: -Xms64M -Xmx512M -XX:MetaspaceSize=96M -XX:MaxMetaspaceSize=256m -Djava.net.preferIPv4Stack=true -Djboss.modules.system.pkgs=org.jboss.byteman -Dorg.jboss.boot.log.file=C:\Users\marce\Desktop\backend\proyectoPP\backend\laboratorio\standalone\log/server.log -Dlogging.configuration=file:C:\Users\marce\Desktop\backend\proyectoPP\backend\laboratorio\standalone\configuration/logging.properties -Djboss.home.dir=C:\Users\marce\Desktop\backend\proyectoPP\backend\laboratorio -Djboss.server.base.dir=C:\Users\marce\Desktop\backend\proyectoPP\backend\laboratorio\standalone -Djboss.server.config.dir=C:\Users\marce\Desktop\backend\proyectoPP\backend\laboratorio\standalone\configuration 
2021-03-21 19:09:51,019 INFO  [org.wildfly.security] (ServerService Thread Pool -- 28) ELY00001: WildFly Elytron version 1.10.4.Final
2021-03-21 19:09:52,390 INFO  [org.jboss.as.controller.management-deprecated] (Controller Boot Thread) WFLYCTL0028: Attribute 'security-realm' in the resource at address '/core-service=management/management-interface=http-interface' is deprecated, and may be removed in a future version. See the attribute description in the output of the read-resource-description operation to learn more about the deprecation.
2021-03-21 19:09:52,512 INFO  [org.jboss.as.controller.management-deprecated] (ServerService Thread Pool -- 10) WFLYCTL0028: Attribute 'security-realm' in the resource at address '/subsystem=undertow/server=default-server/https-listener=https' is deprecated, and may be removed in a future version. See the attribute description in the output of the read-resource-description operation to learn more about the deprecation.
2021-03-21 19:09:52,664 INFO  [org.jboss.as.server] (Controller Boot Thread) WFLYSRV0039: Creating http management service using socket-binding (management-http)
2021-03-21 19:09:52,704 INFO  [org.xnio] (MSC service thread 1-7) XNIO version 3.7.3.Final
2021-03-21 19:09:52,745 INFO  [org.xnio.nio] (MSC service thread 1-7) XNIO NIO Implementation Version 3.7.3.Final
2021-03-21 19:09:53,111 INFO  [org.jboss.as.webservices] (ServerService Thread Pool -- 74) WFLYWS0002: Activating WebServices Extension
2021-03-21 19:09:53,127 INFO  [org.wildfly.extension.microprofile.config.smallrye._private] (ServerService Thread Pool -- 60) WFLYCONF0001: Activating WildFly MicroProfile Config Subsystem
2021-03-21 19:09:53,143 INFO  [org.jboss.as.security] (ServerService Thread Pool -- 70) WFLYSEC0002: Activating Security Subsystem
2021-03-21 19:09:53,143 INFO  [org.jboss.as.naming] (ServerService Thread Pool -- 64) WFLYNAM0001: Activating Naming Subsystem
2021-03-21 19:09:53,127 WARN  [org.jboss.as.txn] (ServerService Thread Pool -- 72) WFLYTX0013: The node-identifier attribute on the /subsystem=transactions is set to the default value. This is a danger for environments running multiple servers. Please make sure the attribute value is unique.
2021-03-21 19:09:53,158 INFO  [org.jboss.as.clustering.infinispan] (ServerService Thread Pool -- 51) WFLYCLINF0001: Activating Infinispan subsystem.
2021-03-21 19:09:53,167 INFO  [org.wildfly.extension.microprofile.opentracing] (ServerService Thread Pool -- 63) WFLYTRACEXT0001: Activating MicroProfile OpenTracing Subsystem
2021-03-21 19:09:53,167 INFO  [org.jboss.as.jsf] (ServerService Thread Pool -- 58) WFLYJSF0007: Activated the following JSF Implementations: [main]
2021-03-21 19:09:53,177 INFO  [org.wildfly.extension.microprofile.health.smallrye] (ServerService Thread Pool -- 61) WFLYHEALTH0001: Activating Eclipse MicroProfile Health Subsystem
2021-03-21 19:09:53,197 INFO  [org.jboss.as.jaxrs] (ServerService Thread Pool -- 53) WFLYRS0016: RESTEasy version 3.9.1.Final
2021-03-21 19:09:53,205 INFO  [org.wildfly.extension.microprofile.metrics.smallrye] (ServerService Thread Pool -- 62) WFLYMETRICS0001: Activating Eclipse MicroProfile Metrics Subsystem
2021-03-21 19:09:53,218 INFO  [org.jboss.as.security] (MSC service thread 1-1) WFLYSEC0001: Current PicketBox version=5.0.3.Final
2021-03-21 19:09:53,317 INFO  [org.jboss.as.connector] (MSC service thread 1-3) WFLYJCA0009: Starting JCA Subsystem (WildFly/IronJacamar 1.4.17.Final)
2021-03-21 19:09:53,379 INFO  [org.jboss.as.naming] (MSC service thread 1-3) WFLYNAM0003: Starting Naming Service
2021-03-21 19:09:53,460 INFO  [org.jboss.as.connector.subsystems.datasources] (ServerService Thread Pool -- 43) WFLYJCA0004: Deploying JDBC-compliant driver class org.h2.Driver (version 1.4)
2021-03-21 19:09:53,501 INFO  [org.wildfly.extension.undertow] (MSC service thread 1-5) WFLYUT0003: Undertow 2.0.27.Final starting
2021-03-21 19:09:53,640 INFO  [org.jboss.as.connector.subsystems.datasources] (ServerService Thread Pool -- 43) WFLYJCA0005: Deploying non-JDBC-compliant driver class org.postgresql.Driver (version 9.4)
2021-03-21 19:09:53,652 INFO  [org.jboss.as.mail.extension] (MSC service thread 1-8) WFLYMAIL0001: Bound mail session [java:jboss/mail/Default]
2021-03-21 19:09:53,692 INFO  [org.jboss.as.connector.deployers.jdbc] (MSC service thread 1-1) WFLYJCA0018: Started Driver service with driver-name = h2
2021-03-21 19:09:53,712 INFO  [org.wildfly.extension.undertow] (ServerService Thread Pool -- 73) WFLYUT0014: Creating file handler for path 'C:\Users\marce\Desktop\backend\proyectoPP\backend\laboratorio/welcome-content' with options [directory-listing: 'false', follow-symlink: 'false', case-sensitive: 'true', safe-symlink-paths: '[]']
2021-03-21 19:09:54,104 INFO  [org.jboss.as.connector.deployers.jdbc] (MSC service thread 1-4) WFLYJCA0018: Started Driver service with driver-name = postgres
2021-03-21 19:09:54,832 INFO  [org.wildfly.extension.io] (ServerService Thread Pool -- 52) WFLYIO001: Worker 'default' has auto-configured to 8 core threads with 64 task threads based on your 4 available processors
2021-03-21 19:09:54,933 INFO  [org.jboss.as.ejb3] (MSC service thread 1-5) WFLYEJB0481: Strict pool slsb-strict-max-pool is using a max instance size of 64 (per class), which is derived from thread worker pool sizing.
2021-03-21 19:09:54,941 INFO  [org.jboss.as.ejb3] (MSC service thread 1-4) WFLYEJB0482: Strict pool mdb-strict-max-pool is using a max instance size of 16 (per class), which is derived from the number of CPUs on this host.
2021-03-21 19:09:54,983 INFO  [org.jboss.remoting] (MSC service thread 1-8) JBoss Remoting version 5.0.15.Final
2021-03-21 19:09:55,004 INFO  [org.wildfly.extension.undertow] (MSC service thread 1-7) WFLYUT0012: Started server default-server.
2021-03-21 19:09:55,024 INFO  [org.jboss.as.patching] (MSC service thread 1-4) WFLYPAT0050: WildFly Full cumulative patch ID is: base, one-off patches include: none
2021-03-21 19:09:55,083 WARN  [org.jboss.as.domain.management.security] (MSC service thread 1-8) WFLYDM0111: Keystore C:\Users\marce\Desktop\backend\proyectoPP\backend\laboratorio\standalone\configuration\application.keystore not found, it will be auto generated on first use with a self signed certificate for host localhost
2021-03-21 19:09:55,133 INFO  [org.jboss.as.server.deployment.scanner] (MSC service thread 1-5) WFLYDS0013: Started FileSystemDeploymentService for directory C:\Users\marce\Desktop\backend\proyectoPP\backend\laboratorio\standalone\deployments
2021-03-21 19:09:55,135 INFO  [org.wildfly.extension.undertow] (MSC service thread 1-7) WFLYUT0018: Host default-host starting
2021-03-21 19:09:55,144 INFO  [org.jboss.as.ejb3] (MSC service thread 1-3) WFLYEJB0493: EJB subsystem suspension complete
2021-03-21 19:09:55,166 INFO  [org.jboss.as.server.deployment] (MSC service thread 1-2) WFLYSRV0027: Starting deployment of "prueba.war" (runtime-name: "prueba.war")
2021-03-21 19:09:55,216 INFO  [org.wildfly.extension.undertow] (MSC service thread 1-1) WFLYUT0006: Undertow HTTP listener default listening on 127.0.0.1:8080
2021-03-21 19:09:55,378 INFO  [org.jboss.as.connector.subsystems.datasources] (MSC service thread 1-1) WFLYJCA0001: Bound data source [java:jboss/datasources/laboratorio]
2021-03-21 19:09:55,378 INFO  [org.jboss.as.connector.subsystems.datasources] (MSC service thread 1-3) WFLYJCA0001: Bound data source [java:jboss/datasources/ExampleDS]
2021-03-21 19:09:56,082 INFO  [org.wildfly.extension.undertow] (MSC service thread 1-1) WFLYUT0006: Undertow HTTPS listener https listening on 127.0.0.1:8443
2021-03-21 19:09:56,313 INFO  [org.jboss.ws.common.management] (MSC service thread 1-7) JBWS022052: Starting JBossWS 5.3.0.Final (Apache CXF 3.3.3) 
2021-03-21 19:10:02,980 WARN  [org.jboss.as.server.deployment] (MSC service thread 1-2) WFLYSRV0059: Class Path entry jboss-logging.jar in /C:/Users/marce/Desktop/backend/proyectoPP/backend/laboratorio/content/prueba.war/WEB-INF/lib/ironjacamar-validator-1.0.6.Final.jar  does not point to a valid jar for a Class-Path reference.
2021-03-21 19:10:02,980 WARN  [org.jboss.as.server.deployment] (MSC service thread 1-2) WFLYSRV0059: Class Path entry jboss-common-core.jar in /C:/Users/marce/Desktop/backend/proyectoPP/backend/laboratorio/content/prueba.war/WEB-INF/lib/ironjacamar-validator-1.0.6.Final.jar  does not point to a valid jar for a Class-Path reference.
2021-03-21 19:10:02,980 WARN  [org.jboss.as.server.deployment] (MSC service thread 1-2) WFLYSRV0059: Class Path entry ironjacamar-spec-api.jar in /C:/Users/marce/Desktop/backend/proyectoPP/backend/laboratorio/content/prueba.war/WEB-INF/lib/ironjacamar-validator-1.0.6.Final.jar  does not point to a valid jar for a Class-Path reference.
2021-03-21 19:10:02,980 WARN  [org.jboss.as.server.deployment] (MSC service thread 1-2) WFLYSRV0059: Class Path entry papaki-core.jar in /C:/Users/marce/Desktop/backend/proyectoPP/backend/laboratorio/content/prueba.war/WEB-INF/lib/ironjacamar-validator-1.0.6.Final.jar  does not point to a valid jar for a Class-Path reference.
2021-03-21 19:10:02,980 WARN  [org.jboss.as.server.deployment] (MSC service thread 1-2) WFLYSRV0059: Class Path entry javassist.jar in /C:/Users/marce/Desktop/backend/proyectoPP/backend/laboratorio/content/prueba.war/WEB-INF/lib/ironjacamar-validator-1.0.6.Final.jar  does not point to a valid jar for a Class-Path reference.
2021-03-21 19:10:02,980 WARN  [org.jboss.as.server.deployment] (MSC service thread 1-2) WFLYSRV0059: Class Path entry ironjacamar-common-api.jar in /C:/Users/marce/Desktop/backend/proyectoPP/backend/laboratorio/content/prueba.war/WEB-INF/lib/ironjacamar-validator-1.0.6.Final.jar  does not point to a valid jar for a Class-Path reference.
2021-03-21 19:10:02,980 WARN  [org.jboss.as.server.deployment] (MSC service thread 1-2) WFLYSRV0059: Class Path entry ironjacamar-common-impl.jar in /C:/Users/marce/Desktop/backend/proyectoPP/backend/laboratorio/content/prueba.war/WEB-INF/lib/ironjacamar-validator-1.0.6.Final.jar  does not point to a valid jar for a Class-Path reference.
2021-03-21 19:10:02,980 WARN  [org.jboss.as.server.deployment] (MSC service thread 1-2) WFLYSRV0059: Class Path entry slf4j-api-1.5.6.jar in /C:/Users/marce/Desktop/backend/proyectoPP/backend/laboratorio/content/prueba.war/WEB-INF/lib/jacorb-2.3.1.jbossorg-1.jar  does not point to a valid jar for a Class-Path reference.
2021-03-21 19:10:02,980 WARN  [org.jboss.as.server.deployment] (MSC service thread 1-2) WFLYSRV0059: Class Path entry slf4j-jdk14-1.5.6.jar in /C:/Users/marce/Desktop/backend/proyectoPP/backend/laboratorio/content/prueba.war/WEB-INF/lib/jacorb-2.3.1.jbossorg-1.jar  does not point to a valid jar for a Class-Path reference.
2021-03-21 19:10:02,996 WARN  [org.jboss.as.server.deployment] (MSC service thread 1-2) WFLYSRV0059: Class Path entry concurrent-1.3.2.jar in /C:/Users/marce/Desktop/backend/proyectoPP/backend/laboratorio/content/prueba.war/WEB-INF/lib/jacorb-2.3.1.jbossorg-1.jar  does not point to a valid jar for a Class-Path reference.
2021-03-21 19:10:02,996 WARN  [org.jboss.as.server.deployment] (MSC service thread 1-2) WFLYSRV0059: Class Path entry antlr-2.7.2.jar in /C:/Users/marce/Desktop/backend/proyectoPP/backend/laboratorio/content/prueba.war/WEB-INF/lib/jacorb-2.3.1.jbossorg-1.jar  does not point to a valid jar for a Class-Path reference.
2021-03-21 19:10:02,996 WARN  [org.jboss.as.server.deployment] (MSC service thread 1-2) WFLYSRV0059: Class Path entry slf4j-api-1.5.6.jar in /C:/Users/marce/Desktop/backend/proyectoPP/backend/laboratorio/content/prueba.war/WEB-INF/lib/jacorb-2.3.1jboss.patch01-brew.jar  does not point to a valid jar for a Class-Path reference.
2021-03-21 19:10:02,996 WARN  [org.jboss.as.server.deployment] (MSC service thread 1-2) WFLYSRV0059: Class Path entry slf4j-jdk14-1.5.6.jar in /C:/Users/marce/Desktop/backend/proyectoPP/backend/laboratorio/content/prueba.war/WEB-INF/lib/jacorb-2.3.1jboss.patch01-brew.jar  does not point to a valid jar for a Class-Path reference.
2021-03-21 19:10:02,996 WARN  [org.jboss.as.server.deployment] (MSC service thread 1-2) WFLYSRV0059: Class Path entry concurrent-1.3.2.jar in /C:/Users/marce/Desktop/backend/proyectoPP/backend/laboratorio/content/prueba.war/WEB-INF/lib/jacorb-2.3.1jboss.patch01-brew.jar  does not point to a valid jar for a Class-Path reference.
2021-03-21 19:10:02,996 WARN  [org.jboss.as.server.deployment] (MSC service thread 1-2) WFLYSRV0059: Class Path entry antlr-2.7.2.jar in /C:/Users/marce/Desktop/backend/proyectoPP/backend/laboratorio/content/prueba.war/WEB-INF/lib/jacorb-2.3.1jboss.patch01-brew.jar  does not point to a valid jar for a Class-Path reference.
2021-03-21 19:10:03,259 INFO  [org.jboss.as.pojo] (MSC service thread 1-8) WFLYPOJO0001: Found legacy bean/pojo namespace: urn:jboss:bean-deployer:2.0 - might be missing some xml features (potential exceptions).
2021-03-21 19:10:03,613 INFO  [org.jboss.as.jpa] (MSC service thread 1-8) WFLYJPA0002: Read persistence.xml for pruebaPU
2021-03-21 19:10:04,177 INFO  [org.jboss.weld.deployer] (MSC service thread 1-6) WFLYWELD0003: Processing weld deployment prueba.war
2021-03-21 19:10:04,459 INFO  [org.infinispan.factories.GlobalComponentRegistry] (MSC service thread 1-1) ISPN000128: Infinispan version: Infinispan 'Infinity Minus ONE +2' 9.4.16.Final
2021-03-21 19:10:04,570 INFO  [org.hibernate.validator.internal.util.Version] (MSC service thread 1-6) HV000001: Hibernate Validator 6.0.18.Final
2021-03-21 19:10:04,761 INFO  [org.jboss.as.jpa] (ServerService Thread Pool -- 77) WFLYJPA0010: Starting Persistence Unit (phase 1 of 2) Service 'prueba.war#pruebaPU'
2021-03-21 19:10:04,801 INFO  [org.hibernate.jpa.internal.util.LogHelper] (ServerService Thread Pool -- 77) HHH000204: Processing PersistenceUnitInfo [
	name: pruebaPU
	...]
2021-03-21 19:10:04,841 INFO  [org.jboss.as.ejb3.deployment] (MSC service thread 1-6) WFLYEJB0473: JNDI bindings for session bean named 'PersonaDAO' in deployment unit 'deployment "prueba.war"' are as follows:

	java:global/prueba/PersonaDAO!py.com.progweb.prueba.ejb.PersonaDAO
	java:app/prueba/PersonaDAO!py.com.progweb.prueba.ejb.PersonaDAO
	java:module/PersonaDAO!py.com.progweb.prueba.ejb.PersonaDAO
	ejb:/prueba/PersonaDAO!py.com.progweb.prueba.ejb.PersonaDAO
	java:global/prueba/PersonaDAO
	java:app/prueba/PersonaDAO
	java:module/PersonaDAO

2021-03-21 19:10:05,051 INFO  [org.hibernate.Version] (ServerService Thread Pool -- 77) HHH000412: Hibernate Core {5.3.13.Final}
2021-03-21 19:10:05,061 INFO  [org.hibernate.cfg.Environment] (ServerService Thread Pool -- 77) HHH000206: hibernate.properties not found
2021-03-21 19:10:05,356 INFO  [org.hibernate.annotations.common.Version] (ServerService Thread Pool -- 77) HCANN000001: Hibernate Commons Annotations {5.0.5.Final}
2021-03-21 19:10:05,378 WARN  [org.jboss.as.jaxrs] (MSC service thread 1-7) WFLYRS0018: Explicit usage of Jackson annotation in a JAX-RS deployment; the system will disable JSON-B processing for the current deployment. Consider setting the 'resteasy.preferJacksonOverJsonB' property to 'false' to restore JSON-B.
2021-03-21 19:10:05,394 INFO  [org.jboss.as.clustering.infinispan] (ServerService Thread Pool -- 78) WFLYCLINF0002: Started client-mappings cache from ejb container
2021-03-21 19:10:05,463 INFO  [org.jboss.weld.Version] (MSC service thread 1-7) WELD-000900: 3.1.2 (Final)
2021-03-21 19:10:05,856 INFO  [org.jboss.as.jpa] (ServerService Thread Pool -- 77) WFLYJPA0010: Starting Persistence Unit (phase 2 of 2) Service 'prueba.war#pruebaPU'
2021-03-21 19:10:06,078 INFO  [org.hibernate.dialect.Dialect] (ServerService Thread Pool -- 77) HHH000400: Using dialect: org.hibernate.dialect.PostgreSQLDialect
2021-03-21 19:10:06,255 INFO  [org.hibernate.engine.jdbc.env.internal.LobCreatorBuilderImpl] (ServerService Thread Pool -- 77) HHH000424: Disabling contextual LOB creation as createClob() method threw error : java.lang.reflect.InvocationTargetException
2021-03-21 19:10:06,255 INFO  [org.hibernate.type.BasicTypeRegistry] (ServerService Thread Pool -- 77) HHH000270: Type registration [java.util.UUID] overrides previous : org.hibernate.type.UUIDBinaryType@45670006
2021-03-21 19:10:06,277 INFO  [org.hibernate.envers.boot.internal.EnversServiceImpl] (ServerService Thread Pool -- 77) Envers integration enabled? : true
2021-03-21 19:10:07,041 INFO  [io.smallrye.metrics] (MSC service thread 1-2) MicroProfile: Metrics activated
2021-03-21 19:10:08,699 INFO  [org.jboss.resteasy.resteasy_jaxrs.i18n] (ServerService Thread Pool -- 80) RESTEASY002225: Deploying javax.ws.rs.core.Application: class py.com.progweb.prueba.rest.ApplicationConfig$Proxy$_$$_WeldClientProxy
2021-03-21 19:10:08,761 INFO  [org.wildfly.extension.undertow] (ServerService Thread Pool -- 80) WFLYUT0021: Registered web context: '/prueba' for server 'default-server'
